[debug] [2026-02-18T06:08:46.039Z] ----------------------------------------------------------------------
[debug] [2026-02-18T06:08:46.047Z] Command:       /usr/local/bin/node /Users/sulaymaanabubakr/.npm-global/bin/firebase deploy --only functions
[debug] [2026-02-18T06:08:46.048Z] CLI Version:   15.6.0
[debug] [2026-02-18T06:08:46.049Z] Platform:      darwin
[debug] [2026-02-18T06:08:46.049Z] Node Version:  v24.12.0
[debug] [2026-02-18T06:08:46.049Z] Time:          Wed Feb 18 2026 07:08:46 GMT+0100 (West Africa Standard Time)
[debug] [2026-02-18T06:08:46.049Z] ----------------------------------------------------------------------
[debug] 
[debug] [2026-02-18T06:08:58.980Z] > command requires scopes: ["email","openid","https://www.googleapis.com/auth/cloudplatformprojects.readonly","https://www.googleapis.com/auth/firebase","https://www.googleapis.com/auth/cloud-platform"]
[debug] [2026-02-18T06:08:58.981Z] > authorizing via signed-in user (abubakrysulaimaan24434@gmail.com)
[debug] [2026-02-18T06:08:58.981Z] [iam] checking project circles-app-by-empylo for permissions ["cloudfunctions.functions.create","cloudfunctions.functions.delete","cloudfunctions.functions.get","cloudfunctions.functions.list","cloudfunctions.functions.update","cloudfunctions.operations.get","firebase.projects.get"]
[debug] [2026-02-18T06:08:58.983Z] Checked if tokens are valid: true, expires at: 1771396890685
[debug] [2026-02-18T06:08:58.983Z] Checked if tokens are valid: true, expires at: 1771396890685
[debug] [2026-02-18T06:08:58.984Z] >>> [apiv2][query] POST https://cloudresourcemanager.googleapis.com/v1/projects/circles-app-by-empylo:testIamPermissions [none]
[debug] [2026-02-18T06:08:58.984Z] >>> [apiv2][(partial)header] POST https://cloudresourcemanager.googleapis.com/v1/projects/circles-app-by-empylo:testIamPermissions  x-goog-user-project=circles-app-by-empylo
[debug] [2026-02-18T06:08:58.985Z] >>> [apiv2][body] POST https://cloudresourcemanager.googleapis.com/v1/projects/circles-app-by-empylo:testIamPermissions {"permissions":["cloudfunctions.functions.create","cloudfunctions.functions.delete","cloudfunctions.functions.get","cloudfunctions.functions.list","cloudfunctions.functions.update","cloudfunctions.operations.get","firebase.projects.get"]}
[debug] [2026-02-18T06:09:00.557Z] <<< [apiv2][status] POST https://cloudresourcemanager.googleapis.com/v1/projects/circles-app-by-empylo:testIamPermissions 200
[debug] [2026-02-18T06:09:00.557Z] <<< [apiv2][body] POST https://cloudresourcemanager.googleapis.com/v1/projects/circles-app-by-empylo:testIamPermissions {"permissions":["cloudfunctions.functions.create","cloudfunctions.functions.delete","cloudfunctions.functions.get","cloudfunctions.functions.list","cloudfunctions.functions.update","cloudfunctions.operations.get","firebase.projects.get"]}
[debug] [2026-02-18T06:09:00.558Z] Checked if tokens are valid: true, expires at: 1771396890685
[debug] [2026-02-18T06:09:00.558Z] Checked if tokens are valid: true, expires at: 1771396890685
[debug] [2026-02-18T06:09:00.558Z] >>> [apiv2][query] POST https://iam.googleapis.com/v1/projects/circles-app-by-empylo/serviceAccounts/circles-app-by-empylo@appspot.gserviceaccount.com:testIamPermissions [none]
[debug] [2026-02-18T06:09:00.558Z] >>> [apiv2][body] POST https://iam.googleapis.com/v1/projects/circles-app-by-empylo/serviceAccounts/circles-app-by-empylo@appspot.gserviceaccount.com:testIamPermissions {"permissions":["iam.serviceAccounts.actAs"]}
[debug] [2026-02-18T06:09:02.105Z] <<< [apiv2][status] POST https://iam.googleapis.com/v1/projects/circles-app-by-empylo/serviceAccounts/circles-app-by-empylo@appspot.gserviceaccount.com:testIamPermissions 200
[debug] [2026-02-18T06:09:02.106Z] <<< [apiv2][body] POST https://iam.googleapis.com/v1/projects/circles-app-by-empylo/serviceAccounts/circles-app-by-empylo@appspot.gserviceaccount.com:testIamPermissions {"permissions":["iam.serviceAccounts.actAs"]}
[info] 
[info] === Deploying to 'circles-app-by-empylo'...
[info] 
[info] i  deploying functions 
[debug] [2026-02-18T06:09:02.115Z] Checked if tokens are valid: true, expires at: 1771396890685
[debug] [2026-02-18T06:09:02.115Z] Checked if tokens are valid: true, expires at: 1771396890685
[debug] [2026-02-18T06:09:02.116Z] >>> [apiv2][query] GET https://cloudresourcemanager.googleapis.com/v1/projects/circles-app-by-empylo [none]
[debug] [2026-02-18T06:09:02.477Z] <<< [apiv2][status] GET https://cloudresourcemanager.googleapis.com/v1/projects/circles-app-by-empylo 200
[debug] [2026-02-18T06:09:02.477Z] <<< [apiv2][body] GET https://cloudresourcemanager.googleapis.com/v1/projects/circles-app-by-empylo {"projectNumber":"433309283212","projectId":"circles-app-by-empylo","lifecycleState":"ACTIVE","name":"Circles App By Empylo","labels":{"firebase":"enabled","firebase-core":"disabled"},"createTime":"2026-01-14T04:13:43.651042Z"}
[info] i  functions: preparing codebase default for deployment 
[info] i  functions: ensuring required API cloudfunctions.googleapis.com is enabled... 
[info] i  functions: ensuring required API cloudbuild.googleapis.com is enabled... 
[info] i  artifactregistry: ensuring required API artifactregistry.googleapis.com is enabled... 
[debug] [2026-02-18T06:09:02.481Z] Checked if tokens are valid: true, expires at: 1771396890685
[debug] [2026-02-18T06:09:02.481Z] Checked if tokens are valid: true, expires at: 1771396890685
[debug] [2026-02-18T06:09:02.481Z] >>> [apiv2][query] GET https://firebase.googleapis.com/v1beta1/projects/circles-app-by-empylo/adminSdkConfig [none]
[debug] [2026-02-18T06:09:03.056Z] <<< [apiv2][status] GET https://firebase.googleapis.com/v1beta1/projects/circles-app-by-empylo/adminSdkConfig 200
[debug] [2026-02-18T06:09:03.056Z] <<< [apiv2][body] GET https://firebase.googleapis.com/v1beta1/projects/circles-app-by-empylo/adminSdkConfig {"projectId":"circles-app-by-empylo","databaseURL":"https://circles-app-by-empylo-default-rtdb.europe-west1.firebasedatabase.app","storageBucket":"circles-app-by-empylo.firebasestorage.app"}
[debug] [2026-02-18T06:09:03.057Z] Checked if tokens are valid: true, expires at: 1771396890685
[debug] [2026-02-18T06:09:03.057Z] Checked if tokens are valid: true, expires at: 1771396890685
[debug] [2026-02-18T06:09:03.057Z] >>> [apiv2][query] GET https://runtimeconfig.googleapis.com/v1beta1/projects/circles-app-by-empylo/configs [none]
